root         1     0  0 15:18 ?        00:00:01 /sbin/init
root         2     0  0 15:18 ?        00:00:00 [kthreadd]
root         4     2  0 15:18 ?        00:00:00 [kworker/0:0H]
root         6     2  0 15:18 ?        00:00:00 [mm_percpu_wq]
root         7     2  0 15:18 ?        00:00:00 [ksoftirqd/0]
root         8     2  0 15:18 ?        00:00:00 [rcu_sched]
root         9     2  0 15:18 ?        00:00:00 [rcu_bh]
root        10     2  0 15:18 ?        00:00:00 [migration/0]
root        11     2  0 15:18 ?        00:00:00 [watchdog/0]
root        12     2  0 15:18 ?        00:00:00 [cpuhp/0]
root        13     2  0 15:18 ?        00:00:00 [cpuhp/1]
root        14     2  0 15:18 ?        00:00:00 [watchdog/1]
root        15     2  0 15:18 ?        00:00:00 [migration/1]
root        16     2  0 15:18 ?        00:00:00 [ksoftirqd/1]
root        17     2  0 15:18 ?        00:00:00 [kworker/1:0]
root        18     2  0 15:18 ?        00:00:00 [kworker/1:0H]
root        19     2  0 15:18 ?        00:00:00 [cpuhp/2]
root        20     2  0 15:18 ?        00:00:00 [watchdog/2]
root        21     2  0 15:18 ?        00:00:00 [migration/2]
root        22     2  0 15:18 ?        00:00:00 [ksoftirqd/2]
root        24     2  0 15:18 ?        00:00:00 [kworker/2:0H]
root        25     2  0 15:18 ?        00:00:00 [kdevtmpfs]
root        26     2  0 15:18 ?        00:00:00 [netns]
root        27     2  0 15:18 ?        00:00:00 [rcu_tasks_kthre]
root        28     2  0 15:18 ?        00:00:00 [kauditd]
root        29     2  0 15:18 ?        00:00:00 [kworker/1:1]
root        30     2  0 15:18 ?        00:00:01 [kworker/2:1]
root        31     2  0 15:18 ?        00:00:00 [kworker/0:1]
root        32     2  0 15:18 ?        00:00:00 [khungtaskd]
root        33     2  0 15:18 ?        00:00:00 [oom_reaper]
root        34     2  0 15:18 ?        00:00:00 [writeback]
root        35     2  0 15:18 ?        00:00:00 [kcompactd0]
root        36     2  0 15:18 ?        00:00:00 [ksmd]
root        37     2  0 15:18 ?        00:00:00 [khugepaged]
root        38     2  0 15:18 ?        00:00:00 [crypto]
root        39     2  0 15:18 ?        00:00:00 [kintegrityd]
root        40     2  0 15:18 ?        00:00:00 [kblockd]
root        41     2  0 15:18 ?        00:00:00 [ata_sff]
root        42     2  0 15:18 ?        00:00:00 [md]
root        43     2  0 15:18 ?        00:00:00 [edac-poller]
root        44     2  0 15:18 ?        00:00:00 [devfreq_wq]
root        45     2  0 15:18 ?        00:00:00 [watchdogd]
root        46     2  0 15:18 ?        00:00:07 [kworker/u6:1]
root        48     2  0 15:18 ?        00:00:00 [kswapd0]
root        49     2  0 15:18 ?        00:00:00 [ecryptfs-kthrea]
root        91     2  0 15:18 ?        00:00:00 [kthrotld]
root        92     2  0 15:18 ?        00:00:00 [acpi_thermal_pm]
root        93     2  0 15:18 ?        00:00:00 [scsi_eh_0]
root        94     2  0 15:18 ?        00:00:00 [scsi_tmf_0]
root        95     2  0 15:18 ?        00:00:00 [scsi_eh_1]
root        96     2  0 15:18 ?        00:00:00 [scsi_tmf_1]
root        97     2  1 15:18 ?        00:00:09 [kworker/u6:2]
root       102     2  0 15:18 ?        00:00:00 [ipv6_addrconf]
root       111     2  0 15:18 ?        00:00:00 [kstrp]
root       128     2  0 15:18 ?        00:00:00 [charger_manager]
root       180     2  0 15:18 ?        00:00:00 [scsi_eh_2]
root       181     2  0 15:18 ?        00:00:00 [scsi_tmf_2]
root       183     2  0 15:18 ?        00:00:00 [kworker/0:1H]
root       203     2  0 15:18 ?        00:00:00 [jbd2/sda2-8]
root       204     2  0 15:18 ?        00:00:00 [ext4-rsv-conver]
root       228     2  0 15:18 ?        00:00:00 [kworker/2:1H]
root       232     2  0 15:18 ?        00:00:00 [kworker/1:1H]
root       239     1  0 15:18 ?        00:00:00 /lib/systemd/systemd-journald
root       250     2  0 15:18 ?        00:00:00 [kworker/0:2]
root       258     1  0 15:18 ?        00:00:00 /lib/systemd/systemd-udevd
root       274     2  0 15:18 ?        00:00:00 [kworker/2:2]
root       342     2  0 15:18 ?        00:00:00 [jbd2/sda1-8]
root       343     2  0 15:18 ?        00:00:00 [ext4-rsv-conver]
root       381     1  0 15:18 ?        00:00:00 /usr/sbin/haveged --Foreground --verbose=1 -w 1024
root       399     1  0 15:18 ?        00:00:00 /usr/sbin/acpid
root       408     1  0 15:18 ?        00:00:00 /usr/bin/python3 /usr/bin/networkd-dispatcher
root       410     1  0 15:18 ?        00:00:00 /usr/sbin/cron -f
root       413     1  0 15:18 ?        00:00:00 /lib/systemd/systemd-logind
root       432     1  0 15:18 ?        00:00:00 /bin/bash /bin/qemu-kvm_ga
root       433   432  0 15:18 ?        00:00:00 /bin/bash /bin/qemu-kvm_ga
root       443     1  0 15:18 ?        00:00:00 /usr/sbin/qemu-ga --daemonize -m virtio-serial -p /dev/virtio-ports/org.qemu.guest_agent.0
root       445     1  0 15:18 ?        00:00:00 /sbin/dhclient -1 -4 -v -pf /run/dhclient.eth0.pid -lf /var/lib/dhcp/dhclient.eth0.leases -I -df /var/lib/dhcp/dhclient6.eth0.leases eth0
root       462     1  0 15:18 ?        00:00:00 /sbin/dhclient -1 -4 -v -pf /run/dhclient.eth1.pid -lf /var/lib/dhcp/dhclient.eth1.leases -I -df /var/lib/dhcp/dhclient6.eth1.leases eth1
root       487     1  0 15:18 ?        00:00:00 /usr/sbin/sshd -D
root       488     1  0 15:18 tty1     00:00:00 /sbin/agetty -o -p -- \u --noclear tty1 linux
root       490   487  0 15:18 ?        00:00:00 sshd: root@notty
root       492     1  0 15:18 ?        00:00:00 /lib/systemd/systemd --user
root       493   492  0 15:18 ?        00:00:00 (sd-pam)
root       527   490  0 15:18 ?        00:00:00 -bash
root       574   527  0 15:18 ?        00:00:00 sh /root/.vscode-server/bin/c722ca6c7eed3d7987c0d5c3df5c45f6b15e77d1/bin/code-server --start-server --host=127.0.0.1 --accept-server-license-terms --enable-remote-auto-shutdown --port=0 --telemetry-level all --connection-token-file /root/.vscode-server/.c722ca6c7eed3d7987c0d5c3df5c45f6b15e77d1.token
root       584   574  0 15:18 ?        00:00:01 /root/.vscode-server/bin/c722ca6c7eed3d7987c0d5c3df5c45f6b15e77d1/node /root/.vscode-server/bin/c722ca6c7eed3d7987c0d5c3df5c45f6b15e77d1/out/server-main.js --start-server --host=127.0.0.1 --accept-server-license-terms --enable-remote-auto-shutdown --port=0 --telemetry-level all --connection-token-file /root/.vscode-server/.c722ca6c7eed3d7987c0d5c3df5c45f6b15e77d1.token
root       657   584  0 15:18 ?        00:00:00 /root/.vscode-server/bin/c722ca6c7eed3d7987c0d5c3df5c45f6b15e77d1/node /root/.vscode-server/bin/c722ca6c7eed3d7987c0d5c3df5c45f6b15e77d1/out/bootstrap-fork --type=ptyHost
root       685   487  0 15:21 ?        00:00:00 sshd: root@notty
root       717   685  0 15:21 ?        00:00:00 -bash
root       720   717  0 15:21 ?        00:00:00 bash
root       765   720  0 15:21 ?        00:00:00 sh /root/.vscode-server/bin/dfd34e8260c270da74b5c2d86d61aee4b6d56977/bin/code-server --start-server --host=127.0.0.1 --accept-server-license-terms --enable-remote-auto-shutdown --port=0 --telemetry-level all --connection-token-file /root/.vscode-server/.dfd34e8260c270da74b5c2d86d61aee4b6d56977.token
root       775   765  0 15:21 ?        00:00:05 /root/.vscode-server/bin/dfd34e8260c270da74b5c2d86d61aee4b6d56977/node /root/.vscode-server/bin/dfd34e8260c270da74b5c2d86d61aee4b6d56977/out/server-main.js --start-server --host=127.0.0.1 --accept-server-license-terms --enable-remote-auto-shutdown --port=0 --telemetry-level all --connection-token-file /root/.vscode-server/.dfd34e8260c270da74b5c2d86d61aee4b6d56977.token
root       848   775  0 15:21 ?        00:00:00 /root/.vscode-server/bin/dfd34e8260c270da74b5c2d86d61aee4b6d56977/node /root/.vscode-server/bin/dfd34e8260c270da74b5c2d86d61aee4b6d56977/out/bootstrap-fork --type=ptyHost
root       876   775 17 15:21 ?        00:01:57 /root/.vscode-server/bin/dfd34e8260c270da74b5c2d86d61aee4b6d56977/node /root/.vscode-server/bin/dfd34e8260c270da74b5c2d86d61aee4b6d56977/out/bootstrap-fork --type=extensionHost --transformURIs --useHostProxy=false
root       887   775  0 15:21 ?        00:00:01 /root/.vscode-server/bin/dfd34e8260c270da74b5c2d86d61aee4b6d56977/node /root/.vscode-server/bin/dfd34e8260c270da74b5c2d86d61aee4b6d56977/out/bootstrap-fork --type=fileWatcher
root       932   775  5 15:21 ?        00:00:38 /root/.vscode-server/bin/dfd34e8260c270da74b5c2d86d61aee4b6d56977/node /root/.vscode-server/bin/dfd34e8260c270da74b5c2d86d61aee4b6d56977/out/bootstrap-fork --type=extensionHost --transformURIs --useHostProxy=false
root       952   876  3 15:21 ?        00:00:26 /root/.vscode-server/extensions/ms-vscode.cpptools-1.9.8-linux-x64/bin/cpptools
root       977   775  0 15:21 ?        00:00:00 /root/.vscode-server/bin/dfd34e8260c270da74b5c2d86d61aee4b6d56977/node /root/.vscode-server/bin/dfd34e8260c270da74b5c2d86d61aee4b6d56977/out/bootstrap-fork --type=fileWatcher
root      1649     2  1 15:24 ?        00:00:09 [kworker/u6:0]
root      1800   952  0 15:25 ?        00:00:00 /root/.vscode-server/extensions/ms-vscode.cpptools-1.9.8-linux-x64/bin/cpptools-srv 952 {39344F15-B5A8-4A61-8153-09D2D31BAA6B}
root      4205     2  0 15:29 ?        00:00:01 [kworker/u6:3]
root      4388     2  0 15:30 ?        00:00:00 [kworker/2:0]
root      4389     2  0 15:30 ?        00:00:00 [kworker/0:0]
root      4702   487  0 15:32 ?        00:00:00 sshd: root@pts/0
root      4737  4702  0 15:32 pts/0    00:00:00 -bash
root      4769  4737  0 15:32 pts/0    00:00:00 ps -ef
root      4770  4737  0 15:32 pts/0    00:00:00 grep --color=auto root
